0 info it worked if it ends with ok
1 verbose cli [ 'C:\\Program Files (x86)\\Nodist\\v-x64\\7.2.1\\node.exe',
1 verbose cli   'C:\\Program Files (x86)\\Nodist\\npmv\\4.0.5\\bin\\npm-cli.js',
1 verbose cli   'start' ]
2 info using npm@4.0.5
3 info using node@v7.2.1
4 verbose run-script [ 'prestart', 'start', 'poststart' ]
5 info lifecycle WebRTC-Example@1.0.0~prestart: WebRTC-Example@1.0.0
6 warn lifecycle The node binary used for scripts is C:\Program Files (x86)\Nodist\bin\node.exe but npm is using C:\Program Files (x86)\Nodist\v-x64\7.2.1\node.exe itself. Use the `--scripts-prepend-node-path` option to include the path for the node binary npm was executed with.
7 silly lifecycle WebRTC-Example@1.0.0~prestart: no script for prestart, continuing
8 info lifecycle WebRTC-Example@1.0.0~start: WebRTC-Example@1.0.0
9 verbose lifecycle WebRTC-Example@1.0.0~start: unsafe-perm in lifecycle true
10 verbose lifecycle WebRTC-Example@1.0.0~start: PATH: C:\Program Files (x86)\Nodist\npmv\4.0.5\bin\node-gyp-bin;C:\WORK\webRtc\WebRTC-Example\node_modules\.bin;C:\Program Files (x86)\Intel\iCLS Client\;C:\Program Files\Intel\iCLS Client\;C:\ProgramData\Oracle\Java\javapath;C:\tools\ruby23\bin;C:\WINDOWS\system32;C:\WINDOWS;C:\WINDOWS\System32\Wbem;C:\WINDOWS\System32\WindowsPowerShell\v1.0\;C:\Program Files (x86)\WebEx\Productivity Tools;C:\Program Files (x86)\Cisco\OSD-ShellApplications;C:\ProgramData\chocolatey\bin;C:\Program Files\Git\cmd;C:\Program Files\apache-maven-3.3.9\bin;C:\Program Files\Java\jre1.8.0_91\bin;C:\Program Files\Java\jdk1.7.0_79\bin;C:\Program Files\gradle-1.8\bin;C:\WINDOWS\system32\config\systemprofile\.dnx\bin;C:\Program Files\Microsoft DNX\Dnvm\;C:\Program Files\Microsoft SQL Server\130\Tools\Binn\;C:\ffmpeg-3.2.2;C:\Python27;C:\Users\skuttiyi\Downloads\youtube-dl-2016.01.01\bin;C:\Program Files (x86)\Nodist\bin;C:\Program Files (x86)\Nodist;C:\Program Files\Java\jdk1.8.0_121\bin;C:\Users\skuttiyi\AppData\Local\Android\sdk;C:\Program Files (x86)\Skype\Phone\;C:\Program Files (x86)\QuickTime\QTSystem\;C:\Program Files (x86)\Intel\Intel(R) Management Engine Components\DAL;C:\Program Files\Intel\Intel(R) Management Engine Components\DAL;C:\Program Files (x86)\Intel\Intel(R) Management Engine Components\IPT;C:\Program Files\Intel\Intel(R) Management Engine Components\IPT;C:\Program Files (x86)\Sennheiser\SoftphoneSDK\;C:\Program Files\Intel\WiFi\bin\;C:\Program Files\Common Files\Intel\WirelessCommon\;C:\Program Files\CMake\bin;C:\Program Files\Emscripten\clang\e1.30.0_64bit;C:\Program Files\Emscripten\node\0.12.2_64bit;C:\Program Files\Emscripten\python\2.7.5.3_64bit;C:\Program Files\Emscripten\java\7.45_64bit\bin;C:\Program Files\Emscripten;C:\Program Files\Emscripten\emscripten\1.30.0;C:\Program Files\Emscripten\crunch\1.03;C:\Program Files\Emscripten\mingw\4.6.2_32bit;C:\Program Files\Emscripten\1.37.28;C:\WORK\WEBASSEMBLY_RUST\PROJECTS\rust-sciter\sciter\bin;C:\WORK\WEBASSEMBLY_RUST\PROJECTS\rust-sciter\sciter\bin.gtk;C:\WORK\WEBASSEMBLY_RUST\PROJECTS\rust-sciter\sciter\bin.osx;C:\Users\skuttiyi\.cargo\bin;C:\Program Files\apache-maven-3.3.9\bin;C:\Program Files\gradle-1.8\bin;C:\Program Files (x86)\WinSCP;C:\Users\skuttiyi\AppData\Local\Android\sdk;C:\Python27\Scripts;C:\Users\skuttiyi\AppData\Local\Programs\Fiddler;C:\Users\skuttiyi\AppData\Local\Box\Box Edit\;C:\Users\skuttiyi\AppData\Local\Microsoft\WindowsApps;C:\Program Files\Microsoft VS Code\bin;C:\Program Files\Intel\WiFi\bin\;C:\Program Files\Common Files\Intel\WirelessCommon\;C:\Program Files\Emscripten\1.37.28;C:\WORK\WEBASSEMBLY_RUST\PROJECTS\rust-sciter\sciter\bin;C:\WORK\WEBASSEMBLY_RUST\PROJECTS\rust-sciter\sciter\bin.gtk;C:\WORK\WEBASSEMBLY_RUST\PROJECTS\rust-sciter\sciter\demos.osx;
11 verbose lifecycle WebRTC-Example@1.0.0~start: CWD: C:\WORK\webRtc\WebRTC-Example
12 silly lifecycle WebRTC-Example@1.0.0~start: Args: [ '/d /s /c', 'node server/server.js' ]
13 verbose stack Error: kill ENOSYS
13 verbose stack     at exports._errnoException (util.js:1022:11)
13 verbose stack     at process.kill (internal/process.js:173:13)
13 verbose stack     at process.listener (C:\Program Files (x86)\Nodist\npmv\4.0.5\node_modules\npmlog\node_modules\gauge\node_modules\signal-exit\index.js:86:15)
13 verbose stack     at emitNone (events.js:91:20)
13 verbose stack     at process.emit (events.js:185:7)
13 verbose stack     at processEmit (C:\Program Files (x86)\Nodist\npmv\4.0.5\node_modules\npmlog\node_modules\gauge\node_modules\signal-exit\index.js:146:32)
13 verbose stack     at processEmit (C:\Program Files (x86)\Nodist\npmv\4.0.5\node_modules\npm-registry-client\node_modules\npmlog\node_modules\gauge\node_modules\signal-exit\index.js:146:32)
13 verbose stack     at Signal.wrap.onsignal (internal/process.js:200:44)
14 verbose cwd C:\WORK\webRtc\WebRTC-Example
15 error Windows_NT 10.0.15063
16 error argv "C:\\Program Files (x86)\\Nodist\\v-x64\\7.2.1\\node.exe" "C:\\Program Files (x86)\\Nodist\\npmv\\4.0.5\\bin\\npm-cli.js" "start"
17 error node v7.2.1
18 error npm  v4.0.5
19 error code ENOSYS
20 error errno ENOSYS
21 error syscall kill
22 error kill ENOSYS
23 error If you need help, you may report this error at:
23 error     <https://github.com/npm/npm/issues>
24 verbose exit [ 1, true ]
